{"C:\\Users\\al\\Downloads\\P\\personal\\GitDesk\\assetflow-ticketing-platform\\backend\\middleware\\auth.js": {"path":"C:\\Users\\al\\Downloads\\P\\personal\\GitDesk\\assetflow-ticketing-platform\\backend\\middleware\\auth.js","statementMap":{"0":{"start":{"line":1,"column":12},"end":{"line":1,"column":35}},"1":{"start":{"line":3,"column":19},"end":{"line":3,"column":83}},"2":{"start":{"line":6,"column":26},"end":{"line":21,"column":1}},"3":{"start":{"line":7,"column":21},"end":{"line":7,"column":49}},"4":{"start":{"line":8,"column":16},"end":{"line":8,"column":54}},"5":{"start":{"line":10,"column":2},"end":{"line":12,"column":3}},"6":{"start":{"line":11,"column":4},"end":{"line":11,"column":80}},"7":{"start":{"line":14,"column":2},"end":{"line":20,"column":3}},"8":{"start":{"line":15,"column":20},"end":{"line":15,"column":49}},"9":{"start":{"line":16,"column":4},"end":{"line":16,"column":23}},"10":{"start":{"line":17,"column":4},"end":{"line":17,"column":11}},"11":{"start":{"line":19,"column":4},"end":{"line":19,"column":72}},"12":{"start":{"line":24,"column":21},"end":{"line":29,"column":1}},"13":{"start":{"line":25,"column":2},"end":{"line":27,"column":3}},"14":{"start":{"line":26,"column":4},"end":{"line":26,"column":88}},"15":{"start":{"line":28,"column":2},"end":{"line":28,"column":9}},"16":{"start":{"line":31,"column":0},"end":{"line":35,"column":2}}},"fnMap":{"0":{"name":"(anonymous_0)","decl":{"start":{"line":6,"column":26},"end":{"line":6,"column":27}},"loc":{"start":{"line":6,"column":46},"end":{"line":21,"column":1}},"line":6},"1":{"name":"(anonymous_1)","decl":{"start":{"line":24,"column":21},"end":{"line":24,"column":22}},"loc":{"start":{"line":24,"column":41},"end":{"line":29,"column":1}},"line":24}},"branchMap":{"0":{"loc":{"start":{"line":3,"column":19},"end":{"line":3,"column":83}},"type":"binary-expr","locations":[{"start":{"line":3,"column":19},"end":{"line":3,"column":41}},{"start":{"line":3,"column":45},"end":{"line":3,"column":83}}],"line":3},"1":{"loc":{"start":{"line":8,"column":16},"end":{"line":8,"column":54}},"type":"binary-expr","locations":[{"start":{"line":8,"column":16},"end":{"line":8,"column":26}},{"start":{"line":8,"column":30},"end":{"line":8,"column":54}}],"line":8},"2":{"loc":{"start":{"line":10,"column":2},"end":{"line":12,"column":3}},"type":"if","locations":[{"start":{"line":10,"column":2},"end":{"line":12,"column":3}},{"start":{},"end":{}}],"line":10},"3":{"loc":{"start":{"line":25,"column":2},"end":{"line":27,"column":3}},"type":"if","locations":[{"start":{"line":25,"column":2},"end":{"line":27,"column":3}},{"start":{},"end":{}}],"line":25}},"s":{"0":0,"1":0,"2":0,"3":0,"4":0,"5":0,"6":0,"7":0,"8":0,"9":0,"10":0,"11":0,"12":0,"13":0,"14":0,"15":0,"16":0},"f":{"0":0,"1":0},"b":{"0":[0,0],"1":[0,0],"2":[0,0],"3":[0,0]}}
,"C:\\Users\\al\\Downloads\\P\\personal\\GitDesk\\assetflow-ticketing-platform\\backend\\middleware\\organization.js": {"path":"C:\\Users\\al\\Downloads\\P\\personal\\GitDesk\\assetflow-ticketing-platform\\backend\\middleware\\organization.js","statementMap":{"0":{"start":{"line":4,"column":27},"end":{"line":9,"column":1}},"1":{"start":{"line":5,"column":2},"end":{"line":7,"column":3}},"2":{"start":{"line":6,"column":4},"end":{"line":6,"column":49}},"3":{"start":{"line":8,"column":2},"end":{"line":8,"column":9}},"4":{"start":{"line":12,"column":28},"end":{"line":17,"column":1}},"5":{"start":{"line":13,"column":2},"end":{"line":15,"column":3}},"6":{"start":{"line":14,"column":4},"end":{"line":14,"column":80}},"7":{"start":{"line":16,"column":2},"end":{"line":16,"column":9}},"8":{"start":{"line":19,"column":0},"end":{"line":22,"column":2}}},"fnMap":{"0":{"name":"(anonymous_0)","decl":{"start":{"line":4,"column":27},"end":{"line":4,"column":28}},"loc":{"start":{"line":4,"column":47},"end":{"line":9,"column":1}},"line":4},"1":{"name":"(anonymous_1)","decl":{"start":{"line":12,"column":28},"end":{"line":12,"column":29}},"loc":{"start":{"line":12,"column":48},"end":{"line":17,"column":1}},"line":12}},"branchMap":{"0":{"loc":{"start":{"line":5,"column":2},"end":{"line":7,"column":3}},"type":"if","locations":[{"start":{"line":5,"column":2},"end":{"line":7,"column":3}},{"start":{},"end":{}}],"line":5},"1":{"loc":{"start":{"line":5,"column":6},"end":{"line":5,"column":41}},"type":"binary-expr","locations":[{"start":{"line":5,"column":6},"end":{"line":5,"column":14}},{"start":{"line":5,"column":18},"end":{"line":5,"column":41}}],"line":5},"2":{"loc":{"start":{"line":13,"column":2},"end":{"line":15,"column":3}},"type":"if","locations":[{"start":{"line":13,"column":2},"end":{"line":15,"column":3}},{"start":{},"end":{}}],"line":13}},"s":{"0":0,"1":0,"2":0,"3":0,"4":0,"5":0,"6":0,"7":0,"8":0},"f":{"0":0,"1":0},"b":{"0":[0,0],"1":[0,0],"2":[0,0]}}
,"C:\\Users\\al\\Downloads\\P\\personal\\GitDesk\\assetflow-ticketing-platform\\backend\\middleware\\subscription.js": {"path":"C:\\Users\\al\\Downloads\\P\\personal\\GitDesk\\assetflow-ticketing-platform\\backend\\middleware\\subscription.js","statementMap":{"0":{"start":{"line":1,"column":25},"end":{"line":1,"column":50}},"1":{"start":{"line":2,"column":18},"end":{"line":2,"column":45}},"2":{"start":{"line":4,"column":15},"end":{"line":4,"column":33}},"3":{"start":{"line":7,"column":32},"end":{"line":99,"column":1}},"4":{"start":{"line":8,"column":2},"end":{"line":98,"column":4}},"5":{"start":{"line":9,"column":4},"end":{"line":97,"column":5}},"6":{"start":{"line":10,"column":29},"end":{"line":10,"column":52}},"7":{"start":{"line":13,"column":27},"end":{"line":20,"column":8}},"8":{"start":{"line":22,"column":6},"end":{"line":24,"column":7}},"9":{"start":{"line":23,"column":8},"end":{"line":23,"column":73}},"10":{"start":{"line":27,"column":6},"end":{"line":32,"column":7}},"11":{"start":{"line":28,"column":8},"end":{"line":31,"column":11}},"12":{"start":{"line":34,"column":19},"end":{"line":34,"column":69}},"13":{"start":{"line":35,"column":21},"end":{"line":35,"column":32}},"14":{"start":{"line":38,"column":6},"end":{"line":52,"column":7}},"15":{"start":{"line":39,"column":27},"end":{"line":41,"column":10}},"16":{"start":{"line":43,"column":8},"end":{"line":51,"column":9}},"17":{"start":{"line":44,"column":10},"end":{"line":50,"column":13}},"18":{"start":{"line":54,"column":6},"end":{"line":68,"column":7}},"19":{"start":{"line":55,"column":28},"end":{"line":57,"column":10}},"20":{"start":{"line":59,"column":8},"end":{"line":67,"column":9}},"21":{"start":{"line":60,"column":10},"end":{"line":66,"column":13}},"22":{"start":{"line":70,"column":6},"end":{"line":84,"column":7}},"23":{"start":{"line":71,"column":26},"end":{"line":73,"column":10}},"24":{"start":{"line":75,"column":8},"end":{"line":83,"column":9}},"25":{"start":{"line":76,"column":10},"end":{"line":82,"column":13}},"26":{"start":{"line":87,"column":6},"end":{"line":91,"column":8}},"27":{"start":{"line":93,"column":6},"end":{"line":93,"column":13}},"28":{"start":{"line":95,"column":6},"end":{"line":95,"column":56}},"29":{"start":{"line":96,"column":6},"end":{"line":96,"column":77}},"30":{"start":{"line":101,"column":0},"end":{"line":101,"column":45}}},"fnMap":{"0":{"name":"(anonymous_0)","decl":{"start":{"line":7,"column":32},"end":{"line":7,"column":33}},"loc":{"start":{"line":7,"column":50},"end":{"line":99,"column":1}},"line":7},"1":{"name":"(anonymous_1)","decl":{"start":{"line":8,"column":9},"end":{"line":8,"column":10}},"loc":{"start":{"line":8,"column":35},"end":{"line":98,"column":3}},"line":8}},"branchMap":{"0":{"loc":{"start":{"line":22,"column":6},"end":{"line":24,"column":7}},"type":"if","locations":[{"start":{"line":22,"column":6},"end":{"line":24,"column":7}},{"start":{},"end":{}}],"line":22},"1":{"loc":{"start":{"line":27,"column":6},"end":{"line":32,"column":7}},"type":"if","locations":[{"start":{"line":27,"column":6},"end":{"line":32,"column":7}},{"start":{},"end":{}}],"line":27},"2":{"loc":{"start":{"line":27,"column":10},"end":{"line":27,"column":98}},"type":"binary-expr","locations":[{"start":{"line":27,"column":10},"end":{"line":27,"column":54}},{"start":{"line":27,"column":58},"end":{"line":27,"column":98}}],"line":27},"3":{"loc":{"start":{"line":34,"column":19},"end":{"line":34,"column":69}},"type":"binary-expr","locations":[{"start":{"line":34,"column":19},"end":{"line":34,"column":55}},{"start":{"line":34,"column":59},"end":{"line":34,"column":69}}],"line":34},"4":{"loc":{"start":{"line":38,"column":6},"end":{"line":52,"column":7}},"type":"if","locations":[{"start":{"line":38,"column":6},"end":{"line":52,"column":7}},{"start":{},"end":{}}],"line":38},"5":{"loc":{"start":{"line":38,"column":10},"end":{"line":38,"column":61}},"type":"binary-expr","locations":[{"start":{"line":38,"column":10},"end":{"line":38,"column":34}},{"start":{"line":38,"column":38},"end":{"line":38,"column":61}}],"line":38},"6":{"loc":{"start":{"line":43,"column":8},"end":{"line":51,"column":9}},"type":"if","locations":[{"start":{"line":43,"column":8},"end":{"line":51,"column":9}},{"start":{},"end":{}}],"line":43},"7":{"loc":{"start":{"line":54,"column":6},"end":{"line":68,"column":7}},"type":"if","locations":[{"start":{"line":54,"column":6},"end":{"line":68,"column":7}},{"start":{},"end":{}}],"line":54},"8":{"loc":{"start":{"line":54,"column":10},"end":{"line":54,"column":63}},"type":"binary-expr","locations":[{"start":{"line":54,"column":10},"end":{"line":54,"column":35}},{"start":{"line":54,"column":39},"end":{"line":54,"column":63}}],"line":54},"9":{"loc":{"start":{"line":59,"column":8},"end":{"line":67,"column":9}},"type":"if","locations":[{"start":{"line":59,"column":8},"end":{"line":67,"column":9}},{"start":{},"end":{}}],"line":59},"10":{"loc":{"start":{"line":70,"column":6},"end":{"line":84,"column":7}},"type":"if","locations":[{"start":{"line":70,"column":6},"end":{"line":84,"column":7}},{"start":{},"end":{}}],"line":70},"11":{"loc":{"start":{"line":70,"column":10},"end":{"line":70,"column":59}},"type":"binary-expr","locations":[{"start":{"line":70,"column":10},"end":{"line":70,"column":33}},{"start":{"line":70,"column":37},"end":{"line":70,"column":59}}],"line":70},"12":{"loc":{"start":{"line":75,"column":8},"end":{"line":83,"column":9}},"type":"if","locations":[{"start":{"line":75,"column":8},"end":{"line":83,"column":9}},{"start":{},"end":{}}],"line":75}},"s":{"0":0,"1":0,"2":0,"3":0,"4":0,"5":0,"6":0,"7":0,"8":0,"9":0,"10":0,"11":0,"12":0,"13":0,"14":0,"15":0,"16":0,"17":0,"18":0,"19":0,"20":0,"21":0,"22":0,"23":0,"24":0,"25":0,"26":0,"27":0,"28":0,"29":0,"30":0},"f":{"0":0,"1":0},"b":{"0":[0,0],"1":[0,0],"2":[0,0],"3":[0,0],"4":[0,0],"5":[0,0],"6":[0,0],"7":[0,0],"8":[0,0],"9":[0,0],"10":[0,0],"11":[0,0],"12":[0,0]}}
,"C:\\Users\\al\\Downloads\\P\\personal\\GitDesk\\assetflow-ticketing-platform\\backend\\utils\\auth.js": {"path":"C:\\Users\\al\\Downloads\\P\\personal\\GitDesk\\assetflow-ticketing-platform\\backend\\utils\\auth.js","statementMap":{"0":{"start":{"line":1,"column":15},"end":{"line":1,"column":32}},"1":{"start":{"line":2,"column":12},"end":{"line":2,"column":35}},"2":{"start":{"line":3,"column":23},"end":{"line":3,"column":52}},"3":{"start":{"line":5,"column":20},"end":{"line":5,"column":22}},"4":{"start":{"line":9,"column":2},"end":{"line":9,"column":50}},"5":{"start":{"line":14,"column":2},"end":{"line":14,"column":46}},"6":{"start":{"line":19,"column":2},"end":{"line":28,"column":4}},"7":{"start":{"line":31,"column":0},"end":{"line":35,"column":2}}},"fnMap":{"0":{"name":"hashPassword","decl":{"start":{"line":8,"column":15},"end":{"line":8,"column":27}},"loc":{"start":{"line":8,"column":38},"end":{"line":10,"column":1}},"line":8},"1":{"name":"comparePassword","decl":{"start":{"line":13,"column":15},"end":{"line":13,"column":30}},"loc":{"start":{"line":13,"column":47},"end":{"line":15,"column":1}},"line":13},"2":{"name":"generateToken","decl":{"start":{"line":18,"column":9},"end":{"line":18,"column":22}},"loc":{"start":{"line":18,"column":29},"end":{"line":29,"column":1}},"line":18}},"branchMap":{},"s":{"0":1,"1":1,"2":1,"3":1,"4":3,"5":2,"6":1,"7":1},"f":{"0":3,"1":2,"2":1},"b":{},"_coverageSchema":"1a1c01bbd47fc00a2c39e90264f33305004495a9","hash":"b1faac11ef85acf4d7e2afccd6db090da22abe95"}
,"C:\\Users\\al\\Downloads\\P\\personal\\GitDesk\\assetflow-ticketing-platform\\backend\\utils\\email.js": {"path":"C:\\Users\\al\\Downloads\\P\\personal\\GitDesk\\assetflow-ticketing-platform\\backend\\utils\\email.js","statementMap":{"0":{"start":{"line":1,"column":19},"end":{"line":1,"column":36}},"1":{"start":{"line":3,"column":15},"end":{"line":3,"column":53}},"2":{"start":{"line":7,"column":2},"end":{"line":10,"column":3}},"3":{"start":{"line":8,"column":4},"end":{"line":8,"column":69}},"4":{"start":{"line":9,"column":4},"end":{"line":9,"column":11}},"5":{"start":{"line":12,"column":2},"end":{"line":37,"column":3}},"6":{"start":{"line":13,"column":4},"end":{"line":33,"column":7}},"7":{"start":{"line":34,"column":4},"end":{"line":34,"column":51}},"8":{"start":{"line":36,"column":4},"end":{"line":36,"column":60}},"9":{"start":{"line":42,"column":2},"end":{"line":45,"column":3}},"10":{"start":{"line":43,"column":4},"end":{"line":43,"column":69}},"11":{"start":{"line":44,"column":4},"end":{"line":44,"column":11}},"12":{"start":{"line":47,"column":2},"end":{"line":97,"column":3}},"13":{"start":{"line":48,"column":29},"end":{"line":48,"column":54}},"14":{"start":{"line":49,"column":19},"end":{"line":49,"column":37}},"15":{"start":{"line":52,"column":19},"end":{"line":58,"column":6}},"16":{"start":{"line":60,"column":4},"end":{"line":92,"column":5}},"17":{"start":{"line":61,"column":6},"end":{"line":91,"column":9}},"18":{"start":{"line":94,"column":4},"end":{"line":94,"column":75}},"19":{"start":{"line":96,"column":4},"end":{"line":96,"column":66}},"20":{"start":{"line":102,"column":2},"end":{"line":105,"column":3}},"21":{"start":{"line":103,"column":4},"end":{"line":103,"column":69}},"22":{"start":{"line":104,"column":4},"end":{"line":104,"column":11}},"23":{"start":{"line":107,"column":2},"end":{"line":159,"column":3}},"24":{"start":{"line":108,"column":20},"end":{"line":110,"column":47}},"25":{"start":{"line":112,"column":4},"end":{"line":155,"column":7}},"26":{"start":{"line":156,"column":4},"end":{"line":156,"column":56}},"27":{"start":{"line":158,"column":4},"end":{"line":158,"column":65}},"28":{"start":{"line":162,"column":0},"end":{"line":166,"column":2}}},"fnMap":{"0":{"name":"sendWelcomeEmail","decl":{"start":{"line":6,"column":15},"end":{"line":6,"column":31}},"loc":{"start":{"line":6,"column":63},"end":{"line":38,"column":1}},"line":6},"1":{"name":"sendTicketNotification","decl":{"start":{"line":41,"column":15},"end":{"line":41,"column":37}},"loc":{"start":{"line":41,"column":75},"end":{"line":98,"column":1}},"line":41},"2":{"name":"sendSubscriptionEmail","decl":{"start":{"line":101,"column":15},"end":{"line":101,"column":36}},"loc":{"start":{"line":101,"column":64},"end":{"line":160,"column":1}},"line":101}},"branchMap":{"0":{"loc":{"start":{"line":7,"column":2},"end":{"line":10,"column":3}},"type":"if","locations":[{"start":{"line":7,"column":2},"end":{"line":10,"column":3}},{"start":{},"end":{}}],"line":7},"1":{"loc":{"start":{"line":42,"column":2},"end":{"line":45,"column":3}},"type":"if","locations":[{"start":{"line":42,"column":2},"end":{"line":45,"column":3}},{"start":{},"end":{}}],"line":42},"2":{"loc":{"start":{"line":102,"column":2},"end":{"line":105,"column":3}},"type":"if","locations":[{"start":{"line":102,"column":2},"end":{"line":105,"column":3}},{"start":{},"end":{}}],"line":102},"3":{"loc":{"start":{"line":108,"column":20},"end":{"line":110,"column":47}},"type":"cond-expr","locations":[{"start":{"line":109,"column":8},"end":{"line":109,"column":47}},{"start":{"line":110,"column":8},"end":{"line":110,"column":47}}],"line":108},"4":{"loc":{"start":{"line":118,"column":53},"end":{"line":118,"column":98}},"type":"cond-expr","locations":[{"start":{"line":118,"column":75},"end":{"line":118,"column":86}},{"start":{"line":118,"column":89},"end":{"line":118,"column":98}}],"line":118},"5":{"loc":{"start":{"line":120,"column":79},"end":{"line":120,"column":121}},"type":"cond-expr","locations":[{"start":{"line":120,"column":101},"end":{"line":120,"column":112}},{"start":{"line":120,"column":115},"end":{"line":120,"column":121}}],"line":120},"6":{"loc":{"start":{"line":122,"column":12},"end":{"line":142,"column":16}},"type":"cond-expr","locations":[{"start":{"line":122,"column":34},"end":{"line":142,"column":11}},{"start":{"line":142,"column":14},"end":{"line":142,"column":16}}],"line":122},"7":{"loc":{"start":{"line":126,"column":18},"end":{"line":139,"column":17}},"type":"cond-expr","locations":[{"start":{"line":126,"column":35},"end":{"line":132,"column":17}},{"start":{"line":132,"column":20},"end":{"line":139,"column":17}}],"line":126}},"s":{"0":0,"1":0,"2":0,"3":0,"4":0,"5":0,"6":0,"7":0,"8":0,"9":0,"10":0,"11":0,"12":0,"13":0,"14":0,"15":0,"16":0,"17":0,"18":0,"19":0,"20":0,"21":0,"22":0,"23":0,"24":0,"25":0,"26":0,"27":0,"28":0},"f":{"0":0,"1":0,"2":0},"b":{"0":[0,0],"1":[0,0],"2":[0,0],"3":[0,0],"4":[0,0],"5":[0,0],"6":[0,0],"7":[0,0]}}
}
