TN:
SF:middleware\auth.js
FN:6,(anonymous_0)
FN:24,(anonymous_1)
FNF:2
FNH:0
FNDA:0,(anonymous_0)
FNDA:0,(anonymous_1)
DA:1,0
DA:3,0
DA:6,0
DA:7,0
DA:8,0
DA:10,0
DA:11,0
DA:14,0
DA:15,0
DA:16,0
DA:17,0
DA:19,0
DA:24,0
DA:25,0
DA:26,0
DA:28,0
DA:31,0
LF:17
LH:0
BRDA:3,0,0,0
BRDA:3,0,1,0
BRDA:8,1,0,0
BRDA:8,1,1,0
BRDA:10,2,0,0
BRDA:10,2,1,0
BRDA:25,3,0,0
BRDA:25,3,1,0
BRF:8
BRH:0
end_of_record
TN:
SF:middleware\organization.js
FN:4,(anonymous_0)
FN:12,(anonymous_1)
FNF:2
FNH:0
FNDA:0,(anonymous_0)
FNDA:0,(anonymous_1)
DA:4,0
DA:5,0
DA:6,0
DA:8,0
DA:12,0
DA:13,0
DA:14,0
DA:16,0
DA:19,0
LF:9
LH:0
BRDA:5,0,0,0
BRDA:5,0,1,0
BRDA:5,1,0,0
BRDA:5,1,1,0
BRDA:13,2,0,0
BRDA:13,2,1,0
BRF:6
BRH:0
end_of_record
TN:
SF:middleware\subscription.js
FN:7,(anonymous_0)
FN:8,(anonymous_1)
FNF:2
FNH:0
FNDA:0,(anonymous_0)
FNDA:0,(anonymous_1)
DA:1,0
DA:2,0
DA:4,0
DA:7,0
DA:8,0
DA:9,0
DA:10,0
DA:13,0
DA:22,0
DA:23,0
DA:27,0
DA:28,0
DA:34,0
DA:35,0
DA:38,0
DA:39,0
DA:43,0
DA:44,0
DA:54,0
DA:55,0
DA:59,0
DA:60,0
DA:70,0
DA:71,0
DA:75,0
DA:76,0
DA:87,0
DA:93,0
DA:95,0
DA:96,0
DA:101,0
LF:31
LH:0
BRDA:22,0,0,0
BRDA:22,0,1,0
BRDA:27,1,0,0
BRDA:27,1,1,0
BRDA:27,2,0,0
BRDA:27,2,1,0
BRDA:34,3,0,0
BRDA:34,3,1,0
BRDA:38,4,0,0
BRDA:38,4,1,0
BRDA:38,5,0,0
BRDA:38,5,1,0
BRDA:43,6,0,0
BRDA:43,6,1,0
BRDA:54,7,0,0
BRDA:54,7,1,0
BRDA:54,8,0,0
BRDA:54,8,1,0
BRDA:59,9,0,0
BRDA:59,9,1,0
BRDA:70,10,0,0
BRDA:70,10,1,0
BRDA:70,11,0,0
BRDA:70,11,1,0
BRDA:75,12,0,0
BRDA:75,12,1,0
BRF:26
BRH:0
end_of_record
TN:
SF:utils\auth.js
FN:8,hashPassword
FN:13,comparePassword
FN:18,generateToken
FNF:3
FNH:3
FNDA:3,hashPassword
FNDA:2,comparePassword
FNDA:1,generateToken
DA:1,1
DA:2,1
DA:3,1
DA:5,1
DA:9,3
DA:14,2
DA:19,1
DA:31,1
LF:8
LH:8
BRF:0
BRH:0
end_of_record
TN:
SF:utils\email.js
FN:6,sendWelcomeEmail
FN:41,sendTicketNotification
FN:101,sendSubscriptionEmail
FNF:3
FNH:0
FNDA:0,sendWelcomeEmail
FNDA:0,sendTicketNotification
FNDA:0,sendSubscriptionEmail
DA:1,0
DA:3,0
DA:7,0
DA:8,0
DA:9,0
DA:12,0
DA:13,0
DA:34,0
DA:36,0
DA:42,0
DA:43,0
DA:44,0
DA:47,0
DA:48,0
DA:49,0
DA:52,0
DA:60,0
DA:61,0
DA:94,0
DA:96,0
DA:102,0
DA:103,0
DA:104,0
DA:107,0
DA:108,0
DA:112,0
DA:156,0
DA:158,0
DA:162,0
LF:29
LH:0
BRDA:7,0,0,0
BRDA:7,0,1,0
BRDA:42,1,0,0
BRDA:42,1,1,0
BRDA:102,2,0,0
BRDA:102,2,1,0
BRDA:108,3,0,0
BRDA:108,3,1,0
BRDA:118,4,0,0
BRDA:118,4,1,0
BRDA:120,5,0,0
BRDA:120,5,1,0
BRDA:122,6,0,0
BRDA:122,6,1,0
BRDA:126,7,0,0
BRDA:126,7,1,0
BRF:16
BRH:0
end_of_record
